# JRE version: Java(TM) SE Runtime Environment (14.0.2+12) (build 14.0.2+12-46)
# Java VM: Java HotSpot(TM) 64-Bit Server VM (14.0.2+12-46, mixed mode, sharing, tiered, compressed oops, g1 gc, windows-amd64)
Heap:
 garbage-first heap   total 133120K, used 61382K [0x0000000741800000, 0x0000000800000000)
  region size 1024K, 5 young (5120K), 5 survivors (5120K)
 Metaspace       used 55960K, capacity 57000K, committed 57036K, reserved 1099776K
  class space    used 6804K, capacity 7100K, committed 7116K, reserved 1048576K
GC Heap History (20 events):
Event: 4.921 GC heap after
{Heap after GC invocations=9 (full 0):
 garbage-first heap   total 66560K, used 28563K [0x0000000741800000, 0x0000000800000000)
  region size 1024K, 4 young (4096K), 4 survivors (4096K)
 Metaspace       used 38374K, capacity 39593K, committed 39884K, reserved 1083392K
  class space    used 4765K, capacity 4986K, committed 5068K, reserved 1048576K
}
Event: 5.258 GC heap before
{Heap before GC invocations=10 (full 0):
 garbage-first heap   total 66560K, used 50067K [0x0000000741800000, 0x0000000800000000)
  region size 1024K, 25 young (25600K), 4 survivors (4096K)
 Metaspace       used 38919K, capacity 40077K, committed 40140K, reserved 1085440K
  class space    used 4794K, capacity 5019K, committed 5068K, reserved 1048576K
}
Event: 5.273 GC heap after
{Heap after GC invocations=11 (full 0):
 garbage-first heap   total 66560K, used 30917K [0x0000000741800000, 0x0000000800000000)
  region size 1024K, 2 young (2048K), 2 survivors (2048K)
 Metaspace       used 38919K, capacity 40077K, committed 40140K, reserved 1085440K
  class space    used 4794K, capacity 5019K, committed 5068K, reserved 1048576K
}
Event: 5.730 GC heap before
{Heap before GC invocations=11 (full 0):
 garbage-first heap   total 66560K, used 50373K [0x0000000741800000, 0x0000000800000000)
  region size 1024K, 21 young (21504K), 2 survivors (2048K)
 Metaspace       used 39757K, capacity 40908K, committed 41164K, reserved 1085440K
  class space    used 4845K, capacity 5057K, committed 5068K, reserved 1048576K
}
Event: 5.740 GC heap after
{Heap after GC invocations=12 (full 0):
 garbage-first heap   total 79872K, used 32666K [0x0000000741800000, 0x0000000800000000)
  region size 1024K, 3 young (3072K), 3 survivors (3072K)
 Metaspace       used 39757K, capacity 40908K, committed 41164K, reserved 1085440K
  class space    used 4845K, capacity 5057K, committed 5068K, reserved 1048576K
}
Event: 7.017 GC heap before
{Heap before GC invocations=12 (full 0):
 garbage-first heap   total 79872K, used 61338K [0x0000000741800000, 0x0000000800000000)
  region size 1024K, 31 young (31744K), 3 survivors (3072K)
 Metaspace       used 47806K, capacity 48841K, committed 49100K, reserved 1091584K
  class space    used 5980K, capacity 6244K, committed 6348K, reserved 1048576K
}
Event: 7.032 GC heap after
{Heap after GC invocations=13 (full 0):
 garbage-first heap   total 79872K, used 36427K [0x0000000741800000, 0x0000000800000000)
  region size 1024K, 4 young (4096K), 4 survivors (4096K)
 Metaspace       used 47806K, capacity 48841K, committed 49100K, reserved 1091584K
  class space    used 5980K, capacity 6244K, committed 6348K, reserved 1048576K
}
Event: 8.139 GC heap before
{Heap before GC invocations=13 (full 0):
 garbage-first heap   total 79872K, used 61003K [0x0000000741800000, 0x0000000800000000)
  region size 1024K, 28 young (28672K), 4 survivors (4096K)
 Metaspace       used 49242K, capacity 50271K, committed 50380K, reserved 1093632K
  class space    used 6018K, capacity 6289K, committed 6348K, reserved 1048576K
}
Event: 8.161 GC heap after
{Heap after GC invocations=14 (full 0):
 garbage-first heap   total 79872K, used 40866K [0x0000000741800000, 0x0000000800000000)
  region size 1024K, 4 young (4096K), 4 survivors (4096K)
 Metaspace       used 49242K, capacity 50271K, committed 50380K, reserved 1093632K
  class space    used 6018K, capacity 6289K, committed 6348K, reserved 1048576K
}
Event: 8.674 GC heap before
{Heap before GC invocations=14 (full 0):
 garbage-first heap   total 79872K, used 62370K [0x0000000741800000, 0x0000000800000000)
  region size 1024K, 25 young (25600K), 4 survivors (4096K)
 Metaspace       used 49397K, capacity 50431K, committed 50636K, reserved 1093632K
  class space    used 6023K, capacity 6321K, committed 6348K, reserved 1048576K
}
Event: 8.700 GC heap after
{Heap after GC invocations=15 (full 0):
 garbage-first heap   total 79872K, used 45291K [0x0000000741800000, 0x0000000800000000)
  region size 1024K, 4 young (4096K), 4 survivors (4096K)
 Metaspace       used 49397K, capacity 50431K, committed 50636K, reserved 1093632K
  class space    used 6023K, capacity 6321K, committed 6348K, reserved 1048576K
}
Event: 9.183 GC heap before
{Heap before GC invocations=16 (full 0):
 garbage-first heap   total 87040K, used 62699K [0x0000000741800000, 0x0000000800000000)
  region size 1024K, 21 young (21504K), 4 survivors (4096K)
 Metaspace       used 49907K, capacity 50957K, committed 51276K, reserved 1093632K
  class space    used 6098K, capacity 6390K, committed 6476K, reserved 1048576K
}
Event: 9.203 GC heap after
{Heap after GC invocations=17 (full 0):
 garbage-first heap   total 104448K, used 48034K [0x0000000741800000, 0x0000000800000000)
  region size 1024K, 3 young (3072K), 3 survivors (3072K)
 Metaspace       used 49907K, capacity 50957K, committed 51276K, reserved 1093632K
  class space    used 6098K, capacity 6390K, committed 6476K, reserved 1048576K
}
Event: 9.943 GC heap before
{Heap before GC invocations=17 (full 0):
 garbage-first heap   total 104448K, used 79778K [0x0000000741800000, 0x0000000800000000)
  region size 1024K, 34 young (34816K), 3 survivors (3072K)
 Metaspace       used 50580K, capacity 51598K, committed 51788K, reserved 1095680K
  class space    used 6172K, capacity 6454K, committed 6476K, reserved 1048576K
}
Event: 9.967 GC heap after
{Heap after GC invocations=18 (full 0):
 garbage-first heap   total 104448K, used 53524K [0x0000000741800000, 0x0000000800000000)
  region size 1024K, 5 young (5120K), 5 survivors (5120K)
 Metaspace       used 50580K, capacity 51598K, committed 51788K, reserved 1095680K
  class space    used 6172K, capacity 6454K, committed 6476K, reserved 1048576K
}
Event: 10.476 GC heap before
{Heap before GC invocations=18 (full 0):
 garbage-first heap   total 104448K, used 80148K [0x0000000741800000, 0x0000000800000000)
  region size 1024K, 31 young (31744K), 5 survivors (5120K)
 Metaspace       used 51066K, capacity 52096K, committed 52428K, reserved 1095680K
  class space    used 6211K, capacity 6492K, committed 6604K, reserved 1048576K
}
Event: 10.498 GC heap after
{Heap after GC invocations=19 (full 0):
 garbage-first heap   total 104448K, used 56979K [0x0000000741800000, 0x0000000800000000)
  region size 1024K, 4 young (4096K), 4 survivors (4096K)
 Metaspace       used 51066K, capacity 52096K, committed 52428K, reserved 1095680K
  class space    used 6211K, capacity 6492K, committed 6604K, reserved 1048576K
}
Event: 11.223 GC heap before
{Heap before GC invocations=20 (full 0):
 garbage-first heap   total 116736K, used 81555K [0x0000000741800000, 0x0000000800000000)
  region size 1024K, 28 young (28672K), 4 survivors (4096K)
 Metaspace       used 52010K, capacity 52988K, committed 53196K, reserved 1095680K
  class space    used 6304K, capacity 6596K, committed 6604K, reserved 1048576K
}
Event: 11.239 GC heap after
{Heap after GC invocations=21 (full 0):
 garbage-first heap   total 116736K, used 58480K [0x0000000741800000, 0x0000000800000000)
  region size 1024K, 2 young (2048K), 2 survivors (2048K)
 Metaspace       used 52010K, capacity 52988K, committed 53196K, reserved 1095680K
  class space    used 6304K, capacity 6596K, committed 6604K, reserved 1048576K
}
Event: 12.509 GC heap before
{Heap before GC invocations=21 (full 0):
 garbage-first heap   total 116736K, used 84080K [0x0000000741800000, 0x0000000800000000)
  region size 1024K, 28 young (28672K), 2 survivors (2048K)
 Metaspace       used 55960K, capacity 57000K, committed 57036K, reserved 1099776K
  class space    used 6804K, capacity 7100K, committed 7116K, reserved 1048576K
}

